[+] Containers:
 |- [+] Container: /Game/ThirdPerson/Maps/ThirdPersonMap
 |   |- [+] ActorDescs:
 |   |   |- Guid:055A2F904DBBA5533C198E9EAB506A22 BaseClass:/Game/WorkingCharacter/Goon.Goon_C NativeClass:/Script/Engine.Character Name:Goon_C_UAID_047C161CDC306AF401_1397467479 Label:Goon SpatiallyLoaded:1 Bounds:IsValid=true, Min=(X=1066.694 Y=-801.917 Z=-2.492), Max=(X=1155.994 Y=-717.708 Z=209.000) RuntimeGrid:None EditorOnly:0 RuntimeOnly:0 HLODRelevant:0
 |   |   |- Guid:08F9DC56444CFFF3F13B379E81EF05BC BaseClass: NativeClass:/Script/Engine.StaticMeshActor Name:StaticMeshActor_16 Label:SM_Cube11 SpatiallyLoaded:1 Bounds:IsValid=true, Min=(X=400.000 Y=2600.000 Z=0.000), Max=(X=700.000 Y=2900.000 Z=200.000) RuntimeGrid:None EditorOnly:0 RuntimeOnly:0 HLODRelevant:1 FolderPath:Block03 FolderGuid:7B7009C345D3D6DD94D3429E1D79C034
 |   |   |- Guid:0A733B864C327F0B589EC8BBDD0265BC BaseClass: NativeClass:/Script/Engine.StaticMeshActor Name:StaticMeshActor_13 Label:SM_Cube9 SpatiallyLoaded:1 Bounds:IsValid=true, Min=(X=1800.000 Y=1500.000 Z=0.000), Max=(X=2000.000 Y=2200.000 Z=100.000) RuntimeGrid:None EditorOnly:0 RuntimeOnly:0 HLODRelevant:1 FolderPath:Block01 FolderGuid:7D23E5AE4C2A421F86AF6986D87E6D05
 |   |   |- Guid:0A98968D455023ABD632EF8529EBF663 BaseClass:/Game/NoahsFolder/BP_Gargoyle.BP_Gargoyle_C NativeClass:/Script/Engine.Actor Name:BP_Gargoyle_C_UAID_047C161CDC30811E02_1094059882 Label:BP_Gargoyle4 SpatiallyLoaded:1 Bounds:IsValid=true, Min=(X=-387.960 Y=2229.280 Z=1710.280), Max=(X=1197.960 Y=3115.900 Z=2395.720) RuntimeGrid:None EditorOnly:0 RuntimeOnly:0 HLODRelevant:0
 |   |   |- Guid:15D26D994B35EADD5A1210A119061DB5 BaseClass:/Game/WorkingCharacter/Goon.Goon_C NativeClass:/Script/Engine.Character Name:Goon_C_UAID_047C161CDC30E7F401_2088509480 Label:Goon6 SpatiallyLoaded:1 Bounds:IsValid=true, Min=(X=1693.694 Y=-74.917 Z=-2.492), Max=(X=1782.994 Y=9.292 Z=209.000) RuntimeGrid:None EditorOnly:0 RuntimeOnly:0 HLODRelevant:0
 |   |   |- Guid:1B9598344A1F20E1A5125DA8A7E9FC0F BaseClass: NativeClass:/Script/Engine.StaticMeshActor Name:StaticMeshActor_22 Label:SM_QuarterCylinder4 SpatiallyLoaded:1 Bounds:IsValid=true, Min=(X=300.000 Y=2600.000 Z=0.000), Max=(X=400.000 Y=2700.000 Z=200.000) RuntimeGrid:None EditorOnly:0 RuntimeOnly:0 HLODRelevant:1 FolderPath:Block03 FolderGuid:7B7009C345D3D6DD94D3429E1D79C034
 |   |   |- Guid:20F2BDF740F08CDC5FE5F480F52B563D BaseClass: NativeClass:/Script/Engine.StaticMeshActor Name:StaticMeshActor_UAID_047C161CDC30CA1F02_1392807783 Label:SM_Cube23 SpatiallyLoaded:1 Bounds:IsValid=true, Min=(X=300.000 Y=5977.000 Z=1709.000), Max=(X=520.000 Y=6327.000 Z=1909.000) RuntimeGrid:None EditorOnly:0 RuntimeOnly:0 HLODRelevant:1 FolderPath:Block02 FolderGuid:EBA23F8248252949750E43911A3A1CDD
 |   |   |- Guid:20F6A6074F8AF1C05145BABA3B40F1E6 BaseClass: NativeClass:/Script/Engine.StaticMeshActor Name:StaticMeshActor_UAID_047C161CDC30341E02_1190561328 Label:SM_Cube19 SpatiallyLoaded:1 Bounds:IsValid=true, Min=(X=1371.000 Y=3661.000 Z=1709.000), Max=(X=1591.000 Y=4011.000 Z=1909.000) RuntimeGrid:None EditorOnly:0 RuntimeOnly:0 HLODRelevant:1 FolderPath:Block02 FolderGuid:EBA23F8248252949750E43911A3A1CDD
 |   |   |- Guid:253AE5FF40D25A0ADEA6F393D4F3902F BaseClass: NativeClass:/Script/Engine.StaticMeshActor Name:StaticMeshActor_UAID_047C161CDC3006F401_1935285880 Label:SM_Cube16 SpatiallyLoaded:1 Bounds:IsValid=true, Min=(X=-16.000 Y=2164.000 Z=0.000), Max=(X=584.000 Y=2664.000 Z=660.000) RuntimeGrid:None EditorOnly:0 RuntimeOnly:0 HLODRelevant:1 FolderPath:Block01 FolderGuid:7D23E5AE4C2A421F86AF6986D87E6D05
 |   |   |- Guid:26B8C3BE41021A3F42B61FA534F9181E BaseClass: NativeClass:/Script/Engine.StaticMeshActor Name:StaticMeshActor_20 Label:SM_Cube12 SpatiallyLoaded:1 Bounds:IsValid=true, Min=(X=2500.000 Y=2700.000 Z=0.000), Max=(X=2600.000 Y=2800.000 Z=200.000) RuntimeGrid:None EditorOnly:0 RuntimeOnly:0 HLODRelevant:1 FolderPath:Block02 FolderGuid:EBA23F8248252949750E43911A3A1CDD
 |   |   |- Guid:27ADD52B4F8175CB8F904E8D9FBB49D6 BaseClass:/Game/WorkingCharacter/Goon.Goon_C NativeClass:/Script/Engine.Character Name:Goon_C_UAID_047C161CDC306AF401_1398605481 Label:Goon3 SpatiallyLoaded:1 Bounds:IsValid=true, Min=(X=1068.694 Y=24.083 Z=-2.492), Max=(X=1157.994 Y=108.292 Z=209.000) RuntimeGrid:None EditorOnly:0 RuntimeOnly:0 HLODRelevant:0
 |   |   |- Guid:29A2E1074AED84B71DCFC598EC10D35C BaseClass:/Game/NoahsFolder/GrappleHook/BP_GrappleHookTarget.BP_GrappleHookTarget_C NativeClass:/Script/Engine.Actor Name:BP_GrappleHookTarget_C_UAID_047C161CDC300CF401_2062699939 Label:BP_GrappleHookTarget2 SpatiallyLoaded:1 Bounds:IsValid=true, Min=(X=420.000 Y=1834.000 Z=324.000), Max=(X=548.000 Y=1962.000 Z=452.000) RuntimeGrid:None EditorOnly:0 RuntimeOnly:0 HLODRelevant:0
 |   |   |- Guid:29AAF7734702AF43F2703490B9BF3C2F BaseClass: NativeClass:/Script/Engine.StaticMeshActor Name:StaticMeshActor_UAID_047C161CDC30811E02_1094057881 Label:SM_Cube22 SpatiallyLoaded:1 Bounds:IsValid=true, Min=(X=300.000 Y=2364.000 Z=1709.000), Max=(X=520.000 Y=2714.000 Z=1909.000) RuntimeGrid:None EditorOnly:0 RuntimeOnly:0 HLODRelevant:1 FolderPath:Block02 FolderGuid:EBA23F8248252949750E43911A3A1CDD
 |   |   |- Guid:2FAAE5B34694323AD6B8C49A29A8EAD7 BaseClass:/Game/NoahsFolder/GrappleHook/BP_GrappleHookTarget.BP_GrappleHookTarget_C NativeClass:/Script/Engine.Actor Name:BP_GrappleHookTarget_C_UAID_047C161CDC3011F401_1973688820 Label:BP_GrappleHookTarget3 SpatiallyLoaded:1 Bounds:IsValid=true, Min=(X=500.000 Y=2122.000 Z=619.000), Max=(X=628.000 Y=2250.000 Z=747.000) RuntimeGrid:None EditorOnly:0 RuntimeOnly:0 HLODRelevant:0
 |   |   |- Guid:2FB58999456391D349DC0F86DAC136ED BaseClass: NativeClass:/Script/Engine.SkyLight Name:SkyLight_1 Label:SkyLight SpatiallyLoaded:0 Bounds:IsValid=true, Min=(X=0.000 Y=0.000 Z=690.000), Max=(X=0.000 Y=0.000 Z=690.000) RuntimeGrid:None EditorOnly:0 RuntimeOnly:0 HLODRelevant:0 FolderPath:Lighting FolderGuid:963EC3EB4002CCE9759E2EBA541A873A
 |   |   |- Guid:30F45F114742DCACC23E3888811FD024 BaseClass: NativeClass:/Script/Engine.StaticMeshActor Name:StaticMeshActor_UAID_047C161CDC30022002_1376473642 Label:SM_Cube26 SpatiallyLoaded:1 Bounds:IsValid=true, Min=(X=-1671.000 Y=-1616.000 Z=0.000), Max=(X=-1571.000 Y=1684.000 Z=400.000) RuntimeGrid:None EditorOnly:0 RuntimeOnly:0 HLODRelevant:1 FolderPath:Playground FolderGuid:C73F09FC4215536B1DCE2A9E0A830C70
 |   |   |- Guid:316CF2A6494ACA4C0E4180A87D36AB8F BaseClass: NativeClass:/Script/Engine.ExponentialHeightFog Name:ExponentialHeightFog_0 Label:ExponentialHeightFog SpatiallyLoaded:0 Bounds:IsValid=true, Min=(X=-5600.000 Y=-50.000 Z=-6850.000), Max=(X=-5600.000 Y=-50.000 Z=-6850.000) RuntimeGrid:None EditorOnly:0 RuntimeOnly:0 HLODRelevant:0 FolderPath:Lighting FolderGuid:963EC3EB4002CCE9759E2EBA541A873A
 |   |   |- Guid:336AD8314F2A24CE8396218351077B83 BaseClass:/Game/NoahsFolder/GrappleHook/BP_GrappleHookTarget.BP_GrappleHookTarget_C NativeClass:/Script/Engine.Actor Name:BP_GrappleHookTarget_C_UAID_047C161CDC3011F401_1986132821 Label:BP_GrappleHookTarget4 SpatiallyLoaded:1 Bounds:IsValid=true, Min=(X=720.000 Y=2791.000 Z=895.000), Max=(X=848.000 Y=2919.000 Z=1023.000) RuntimeGrid:None EditorOnly:0 RuntimeOnly:0 HLODRelevant:0
 |   |   |- Guid:38AF47D049D9D059D3D3438EFBAFE958 BaseClass:/Game/NoahsFolder/BP_Gargoyle.BP_Gargoyle_C NativeClass:/Script/Engine.Actor Name:BP_Gargoyle_C_UAID_047C161CDC30BF1E02_1657484791 Label:BP_Gargoyle5 SpatiallyLoaded:1 Bounds:IsValid=true, Min=(X=190.280 Y=1447.040 Z=471.280), Max=(X=1076.900 Y=3032.960 Z=1156.720) RuntimeGrid:None EditorOnly:0 RuntimeOnly:0 HLODRelevant:0
 |   |   |- Guid:3A00AA1C422CE54C0BDB60BAF471BFBB BaseClass: NativeClass:/Script/Engine.PlayerStart Name:PlayerStart_0 Label:PlayerStart SpatiallyLoaded:0 Bounds:IsValid=true, Min=(X=1369.000 Y=1934.000 Z=3126.013), Max=(X=1449.000 Y=2014.000 Z=3310.013) RuntimeGrid:None EditorOnly:0 RuntimeOnly:0 HLODRelevant:0
 |   |   |- Guid:428AA21F46354B2311A99D9121F4FFC0 BaseClass:/Game/WorkingCharacter/Goon.Goon_C NativeClass:/Script/Engine.Character Name:Goon_C_UAID_047C161CDC306AF401_1399385482 Label:Goon4 SpatiallyLoaded:1 Bounds:IsValid=true, Min=(X=1069.694 Y=1180.083 Z=-2.492), Max=(X=1158.994 Y=1264.292 Z=209.000) RuntimeGrid:None EditorOnly:0 RuntimeOnly:0 HLODRelevant:0
 |   |   |- Guid:43815E84492231AFC407F59E3C28176B BaseClass: NativeClass:/Script/Engine.StaticMeshActor Name:StaticMeshActor_4 Label:SM_Cube6 SpatiallyLoaded:1 Bounds:IsValid=true, Min=(X=2640.000 Y=100.000 Z=0.000), Max=(X=2740.000 Y=3400.000 Z=400.000) RuntimeGrid:None EditorOnly:0 RuntimeOnly:0 HLODRelevant:1 FolderPath:Playground FolderGuid:C73F09FC4215536B1DCE2A9E0A830C70
 |   |   |- Guid:4D3BE93F4146AAAC8BBE79999D96D57F BaseClass: NativeClass:/Script/Engine.VolumetricCloud Name:VolumetricCloud_0 Label:VolumetricCloud SpatiallyLoaded:0 Bounds:IsValid=true, Min=(X=0.000 Y=0.000 Z=820.000), Max=(X=0.000 Y=0.000 Z=820.000) RuntimeGrid:None EditorOnly:0 RuntimeOnly:0 HLODRelevant:0 FolderPath:Lighting FolderGuid:963EC3EB4002CCE9759E2EBA541A873A
 |   |   |- Guid:5110FDEA48773FDE9125B7B55512181A BaseClass:/Game/NoahsFolder/GrappleHook/BP_GrappleHookTarget.BP_GrappleHookTarget_C NativeClass:/Script/Engine.Actor Name:BP_GrappleHookTarget_C_UAID_047C161CDC30F1F401_1551490239 Label:BP_GrappleHookTarget6 SpatiallyLoaded:1 Bounds:IsValid=true, Min=(X=991.000 Y=1359.000 Z=324.000), Max=(X=1119.000 Y=1487.000 Z=452.000) RuntimeGrid:None EditorOnly:0 RuntimeOnly:0 HLODRelevant:0
 |   |   |- Guid:59CE89D047C75FBE41189BA8ABD2CA2A BaseClass: NativeClass:/Script/Engine.StaticMeshActor Name:StaticMeshActor_18 Label:SM_QuarterCylinder SpatiallyLoaded:1 Bounds:IsValid=true, Min=(X=2500.000 Y=2800.000 Z=0.000), Max=(X=2600.000 Y=2900.000 Z=200.000) RuntimeGrid:None EditorOnly:0 RuntimeOnly:0 HLODRelevant:1 FolderPath:Block02 FolderGuid:EBA23F8248252949750E43911A3A1CDD
 |   |   |- Guid:5B97F4A64FB21F77EFC44386BF705B4C BaseClass: NativeClass:/Script/Engine.TextRenderActor Name:TextRenderActor_1 Label:TextRenderActor SpatiallyLoaded:1 Bounds:IsValid=true, Min=(X=-0.100 Y=1100.000 Z=65.013), Max=(X=-0.100 Y=2392.308 Z=215.013) RuntimeGrid:None EditorOnly:0 RuntimeOnly:0 HLODRelevant:0
 |   |   |- Guid:67E660DF4749DABB0BDED2B36A3313F0 BaseClass: NativeClass:/Script/Engine.StaticMeshActor Name:StaticMeshActor_UAID_047C161CDC3001F401_1194333999 Label:SM_Cube14 SpatiallyLoaded:1 Bounds:IsValid=true, Min=(X=1210.000 Y=4050.000 Z=0.000), Max=(X=1810.000 Y=4550.000 Z=2575.000) RuntimeGrid:None EditorOnly:0 RuntimeOnly:0 HLODRelevant:1 FolderPath:Block01 FolderGuid:7D23E5AE4C2A421F86AF6986D87E6D05
 |   |   |- Guid:6BAF4DDD444C60371492D3919DB42C97 BaseClass: NativeClass:/Script/Engine.WorldDataLayers Name:WorldDataLayers Label:WorldDataLayers SpatiallyLoaded:0 Bounds:IsValid=true, Min=(X=0.000 Y=0.000 Z=0.000), Max=(X=0.000 Y=0.000 Z=0.000) RuntimeGrid:None EditorOnly:0 RuntimeOnly:0 HLODRelevant:0
 |   |   |- Guid:745A095B4BA4E157E4537FA63F5B7B43 BaseClass: NativeClass:/Script/Engine.StaticMeshActor Name:StaticMeshActor_2 Label:SM_ChamferCube SpatiallyLoaded:1 Bounds:IsValid=true, Min=(X=1100.000 Y=2000.000 Z=0.013), Max=(X=1200.000 Y=2100.000 Z=100.013) RuntimeGrid:None EditorOnly:0 RuntimeOnly:0 HLODRelevant:0
 |   |   |- Guid:7484AE9E4AA97AC9E7A068999B891F8D BaseClass:/Game/WorkingCharacter/Goon.Goon_C NativeClass:/Script/Engine.Character Name:Goon_C_UAID_047C161CDC30E7F401_2095655483 Label:Goon9 SpatiallyLoaded:1 Bounds:IsValid=true, Min=(X=342.694 Y=1234.083 Z=-2.492), Max=(X=431.994 Y=1318.292 Z=209.000) RuntimeGrid:None EditorOnly:0 RuntimeOnly:0 HLODRelevant:0
 |   |   |- Guid:7587444F4FB13B9B9CD114BBE7885340 BaseClass: NativeClass:/Script/Engine.StaticMeshActor Name:StaticMeshActor_19 Label:SM_QuarterCylinder2 SpatiallyLoaded:1 Bounds:IsValid=true, Min=(X=2500.000 Y=2600.000 Z=0.000), Max=(X=2600.000 Y=2700.000 Z=200.000) RuntimeGrid:None EditorOnly:0 RuntimeOnly:0 HLODRelevant:1 FolderPath:Block02 FolderGuid:EBA23F8248252949750E43911A3A1CDD
 |   |   |- Guid:783C95604F7C419758417EBD98809449 BaseClass: NativeClass:/Script/NavigationSystem.NavMeshBoundsVolume Name:NavMeshBoundsVolume_UAID_047C161CDC307B1C02_1463676711 Label:NavMeshBoundsVolume SpatiallyLoaded:0 Bounds:IsValid=true, Min=(X=-1485.000 Y=-2568.000 Z=-26.000), Max=(X=3875.000 Y=4892.000 Z=174.000) RuntimeGrid:None EditorOnly:0 RuntimeOnly:0 HLODRelevant:0
 |   |   |- Guid:79C9B0C246824948C2428ABA13657451 BaseClass: NativeClass:/Script/Engine.StaticMeshActor Name:StaticMeshActor_25 Label:SM_QuarterCylinder6 SpatiallyLoaded:1 Bounds:IsValid=true, Min=(X=1200.000 Y=2200.000 Z=0.000), Max=(X=1300.000 Y=2300.000 Z=200.000) RuntimeGrid:None EditorOnly:0 RuntimeOnly:0 HLODRelevant:1 FolderPath:Block01 FolderGuid:7D23E5AE4C2A421F86AF6986D87E6D05
 |   |   |- Guid:7D8C5621449B092DAD67F29A61D8679D BaseClass: NativeClass:/Script/Engine.StaticMeshActor Name:StaticMeshActor_UAID_047C161CDC30341E02_1168176327 Label:SM_Cube18 SpatiallyLoaded:1 Bounds:IsValid=true, Min=(X=1386.000 Y=2195.000 Z=1709.000), Max=(X=1606.000 Y=2545.000 Z=1909.000) RuntimeGrid:None EditorOnly:0 RuntimeOnly:0 HLODRelevant:1 FolderPath:Block02 FolderGuid:EBA23F8248252949750E43911A3A1CDD
 |   |   |- Guid:7E6B66E44490A55D8CE306B09108D646 BaseClass:/Game/NoahsFolder/BP_Gargoyle.BP_Gargoyle_C NativeClass:/Script/Engine.Actor Name:BP_Gargoyle_C_UAID_047C161CDC30BF1E02_1666471792 Label:BP_Gargoyle6 SpatiallyLoaded:1 Bounds:IsValid=true, Min=(X=505.280 Y=2110.040 Z=748.280), Max=(X=1391.900 Y=3695.960 Z=1433.720) RuntimeGrid:None EditorOnly:0 RuntimeOnly:0 HLODRelevant:0
 |   |   |- Guid:868B950145723A8B3A1F2192E64AE86C BaseClass:/Game/NoahsFolder/GrappleHook/BP_GrappleHookTarget.BP_GrappleHookTarget_C NativeClass:/Script/Engine.Actor Name:BP_GrappleHookTarget_C_UAID_047C161CDC30831E02_2122911235 Label:BP_GrappleHookTarget5 SpatiallyLoaded:1 Bounds:IsValid=true, Min=(X=346.000 Y=2660.000 Z=1898.000), Max=(X=474.000 Y=2788.000 Z=2026.000) RuntimeGrid:None EditorOnly:0 RuntimeOnly:0 HLODRelevant:0
 |   |   |- Guid:934C601F4484718055CC85ACEDDB8C01 BaseClass: NativeClass:/Script/NavigationSystem.RecastNavMesh Name:RecastNavMesh_UAID_047C161CDC307B1C02-Default Label:RecastNavMesh-Default SpatiallyLoaded:0 Bounds:IsValid=true, Min=(X=0.000 Y=0.000 Z=0.000), Max=(X=0.000 Y=0.000 Z=0.000) RuntimeGrid:None EditorOnly:0 RuntimeOnly:0 HLODRelevant:0
 |   |   |- Guid:961864A84FF6F65B68F2A3BE5819D538 BaseClass: NativeClass:/Script/Engine.StaticMeshActor Name:StaticMeshActor_8 Label:SM_Cube4 SpatiallyLoaded:1 Bounds:IsValid=true, Min=(X=1200.000 Y=1700.000 Z=0.000), Max=(X=1800.000 Y=2200.000 Z=3075.000) RuntimeGrid:None EditorOnly:0 RuntimeOnly:0 HLODRelevant:1 FolderPath:Block01 FolderGuid:7D23E5AE4C2A421F86AF6986D87E6D05
 |   |   |- Guid:9765ECF54858C165188C95B28D88016B BaseClass: NativeClass:/Script/Engine.StaticMeshActor Name:StaticMeshActor_12 Label:SM_Cube8 SpatiallyLoaded:1 Bounds:IsValid=true, Min=(X=1300.000 Y=2600.000 Z=0.000), Max=(X=2500.000 Y=2900.000 Z=200.000) RuntimeGrid:None EditorOnly:0 RuntimeOnly:0 HLODRelevant:1 FolderPath:Block02 FolderGuid:EBA23F8248252949750E43911A3A1CDD
 |   |   |- Guid:977006D9482E6C7F3CFD67AC049425DD BaseClass: NativeClass:/Script/Engine.StaticMeshActor Name:StaticMeshActor_UAID_047C161CDC30022002_1370231640 Label:SM_Cube24 SpatiallyLoaded:1 Bounds:IsValid=true, Min=(X=2641.000 Y=-1617.000 Z=0.000), Max=(X=2741.000 Y=1683.000 Z=400.000) RuntimeGrid:None EditorOnly:0 RuntimeOnly:0 HLODRelevant:1 FolderPath:Playground FolderGuid:C73F09FC4215536B1DCE2A9E0A830C70
 |   |   |- Guid:9B862C3C4E0C35469D0FA684A76E3F97 BaseClass:/Game/NoahsFolder/GrappleHook/BP_GrappleHookTarget.BP_GrappleHookTarget_C NativeClass:/Script/Engine.Actor Name:BP_GrappleHookTarget_C_UAID_047C161CDC300CF401_1772183938 Label:BP_GrappleHookTarget SpatiallyLoaded:1 Bounds:IsValid=true, Min=(X=419.000 Y=1355.000 Z=324.000), Max=(X=547.000 Y=1483.000 Z=452.000) RuntimeGrid:None EditorOnly:0 RuntimeOnly:0 HLODRelevant:0
 |   |   |- Guid:9BFF363746062F457E2F92A4631DBA20 BaseClass: NativeClass:/Script/Engine.StaticMeshActor Name:StaticMeshActor_11 Label:SM_ChamferCube3 SpatiallyLoaded:1 Bounds:IsValid=true, Min=(X=1101.699 Y=2271.699 Z=0.013), Max=(X=1238.301 Y=2408.301 Z=100.013) RuntimeGrid:None EditorOnly:0 RuntimeOnly:0 HLODRelevant:0
 |   |   |- Guid:9EEA88A44E294029A31EA9A59FFEAE9B BaseClass:/Game/NoahsFolder/BP_Gargoyle.BP_Gargoyle_C NativeClass:/Script/Engine.Actor Name:BP_Gargoyle_C_UAID_047C161CDC30691E02_2086740656 Label:BP_Gargoyle2 SpatiallyLoaded:1 Bounds:IsValid=true, Min=(X=683.040 Y=3210.100 Z=1701.280), Max=(X=2268.960 Y=4096.720 Z=2386.720) RuntimeGrid:None EditorOnly:0 RuntimeOnly:0 HLODRelevant:0
 |   |   |- Guid:A05E57634DEA35046B569FBEF0068A73 BaseClass:/Game/WorkingCharacter/Goon.Goon_C NativeClass:/Script/Engine.Character Name:Goon_C_UAID_047C161CDC30E7F401_2085251479 Label:Goon5 SpatiallyLoaded:1 Bounds:IsValid=true, Min=(X=1692.694 Y=-896.917 Z=-2.492), Max=(X=1781.994 Y=-812.708 Z=209.000) RuntimeGrid:None EditorOnly:0 RuntimeOnly:0 HLODRelevant:0
 |   |   |- Guid:A4F363AA45700424F3FD04A67B88C1B9 BaseClass: NativeClass:/Script/Engine.StaticMeshActor Name:StaticMeshActor_UAID_047C161CDC3006F401_1921470879 Label:SM_Cube15 SpatiallyLoaded:1 Bounds:IsValid=true, Min=(X=771.000 Y=2836.000 Z=0.000), Max=(X=1371.000 Y=3336.000 Z=920.000) RuntimeGrid:None EditorOnly:0 RuntimeOnly:0 HLODRelevant:1 FolderPath:Block01 FolderGuid:7D23E5AE4C2A421F86AF6986D87E6D05
 |   |   |- Guid:A801F8E447BD17645BB3E4A9264C61A0 BaseClass:/Game/NoahsFolder/BP_Gargoyle.BP_Gargoyle_C NativeClass:/Script/Engine.Actor Name:BP_Gargoyle_C_UAID_047C161CDC30811E02_1086664880 Label:BP_Gargoyle3 SpatiallyLoaded:1 Bounds:IsValid=true, Min=(X=-369.960 Y=3244.100 Z=1701.280), Max=(X=1215.960 Y=4130.720 Z=2386.720) RuntimeGrid:None EditorOnly:0 RuntimeOnly:0 HLODRelevant:0
 |   |   |- Guid:AB74120142217676C6EC818E6B49412B BaseClass: NativeClass:/Script/Engine.StaticMeshActor Name:StaticMeshActor_15 Label:SM_Cube10 SpatiallyLoaded:1 Bounds:IsValid=true, Min=(X=1800.000 Y=2100.000 Z=100.000), Max=(X=2000.000 Y=2200.000 Z=200.000) RuntimeGrid:None EditorOnly:0 RuntimeOnly:0 HLODRelevant:1 FolderPath:Block01 FolderGuid:7D23E5AE4C2A421F86AF6986D87E6D05
 |   |   |- Guid:AD61F0254BCEAF9E9FEA8A8757BA348E BaseClass: NativeClass:/Script/Engine.StaticMeshActor Name:StaticMeshActor_UAID_047C161CDC30811E02_1086660879 Label:SM_Cube21 SpatiallyLoaded:1 Bounds:IsValid=true, Min=(X=299.000 Y=3662.000 Z=1709.000), Max=(X=519.000 Y=4012.000 Z=1909.000) RuntimeGrid:None EditorOnly:0 RuntimeOnly:0 HLODRelevant:1 FolderPath:Block02 FolderGuid:EBA23F8248252949750E43911A3A1CDD
 |   |   |- Guid:AFDC9A3F4E0CF9D684BF6086D893E2C7 BaseClass: NativeClass:/Script/Engine.StaticMeshActor Name:StaticMeshActor_UAID_047C161CDC30022002_1376471641 Label:SM_Cube25 SpatiallyLoaded:1 Bounds:IsValid=true, Min=(X=-1672.000 Y=101.000 Z=0.000), Max=(X=-1572.000 Y=3401.000 Z=400.000) RuntimeGrid:None EditorOnly:0 RuntimeOnly:0 HLODRelevant:1 FolderPath:Playground FolderGuid:C73F09FC4215536B1DCE2A9E0A830C70
 |   |   |- Guid:B785ED2844B84CFB91E7F39FE661CD99 BaseClass: NativeClass:/Script/Engine.DirectionalLight Name:DirectionalLight_0 Label:DirectionalLight SpatiallyLoaded:0 Bounds:IsValid=true, Min=(X=-1048576.000 Y=-1048576.000 Z=-1048576.000), Max=(X=1048576.000 Y=1048576.000 Z=1048576.000) RuntimeGrid:None EditorOnly:0 RuntimeOnly:0 HLODRelevant:0 FolderPath:Lighting FolderGuid:963EC3EB4002CCE9759E2EBA541A873A
 |   |   |- Guid:B80E2BBE4D0151AAAA5A7FB60B6A4CC8 BaseClass: NativeClass:/Script/Engine.StaticMeshActor Name:StaticMeshActor_UAID_047C161CDC30022002_1363000639 Label:SM_Cube5 SpatiallyLoaded:1 Bounds:IsValid=true, Min=(X=-2347.000 Y=-1171.000 Z=0.000), Max=(X=653.000 Y=-1071.000 Z=400.000) RuntimeGrid:None EditorOnly:0 RuntimeOnly:0 HLODRelevant:1 FolderPath:Playground FolderGuid:C73F09FC4215536B1DCE2A9E0A830C70
 |   |   |- Guid:BB4D182F41A293F749465B9E69B3FFEE BaseClass:/Game/WorkingCharacter/Goon.Goon_C NativeClass:/Script/Engine.Character Name:Goon_C_UAID_047C161CDC30E7F401_2092436482 Label:Goon8 SpatiallyLoaded:1 Bounds:IsValid=true, Min=(X=1695.694 Y=1294.083 Z=-2.492), Max=(X=1784.994 Y=1378.292 Z=209.000) RuntimeGrid:None EditorOnly:0 RuntimeOnly:0 HLODRelevant:0
 |   |   |- Guid:BC08B79C4EA3C961CFF75EBBE83B367D BaseClass: NativeClass:/Script/Engine.StaticMeshActor Name:StaticMeshActor_5 Label:SM_Cube2 SpatiallyLoaded:1 Bounds:IsValid=true, Min=(X=0.000 Y=-1172.000 Z=0.000), Max=(X=3000.000 Y=-1072.000 Z=400.000) RuntimeGrid:None EditorOnly:0 RuntimeOnly:0 HLODRelevant:1 FolderPath:Playground FolderGuid:C73F09FC4215536B1DCE2A9E0A830C70
 |   |   |- Guid:C15C2C8D4EA4ADE0BD1349AFD814988B BaseClass: NativeClass:/Script/Engine.StaticMeshActor Name:StaticMeshActor_14 Label:SM_Ramp3 SpatiallyLoaded:1 Bounds:IsValid=true, Min=(X=1800.000 Y=1700.000 Z=100.000), Max=(X=2000.000 Y=2100.000 Z=200.000) RuntimeGrid:None EditorOnly:0 RuntimeOnly:0 HLODRelevant:1 FolderPath:Block01 FolderGuid:7D23E5AE4C2A421F86AF6986D87E6D05
 |   |   |- Guid:CBB45721485B33EB07C13ABD971B4CCC BaseClass: NativeClass:/Script/Engine.StaticMeshActor Name:StaticMeshActor_UAID_047C161CDC3006F401_1941751881 Label:SM_Cube17 SpatiallyLoaded:1 Bounds:IsValid=true, Min=(X=483.000 Y=1393.000 Z=0.000), Max=(X=1083.000 Y=1893.000 Z=380.000) RuntimeGrid:None EditorOnly:0 RuntimeOnly:0 HLODRelevant:1 FolderPath:Block01 FolderGuid:7D23E5AE4C2A421F86AF6986D87E6D05
 |   |   |- Guid:CCFF262C46EEFFDF319E7F9539CE697E BaseClass: NativeClass:/Script/Engine.SkyAtmosphere Name:SkyAtmosphere_0 Label:SkyAtmosphere SpatiallyLoaded:0 Bounds:IsValid=true, Min=(X=0.000 Y=0.000 Z=1020.000), Max=(X=0.000 Y=0.000 Z=1020.000) RuntimeGrid:None EditorOnly:0 RuntimeOnly:0 HLODRelevant:0 FolderPath:Lighting FolderGuid:963EC3EB4002CCE9759E2EBA541A873A
 |   |   |- Guid:D861D7A94DAC30ED191F558140C800DC BaseClass:/Game/NoahsFolder/BP_Gargoyle.BP_Gargoyle_C NativeClass:/Script/Engine.Actor Name:BP_Gargoyle_C_UAID_047C161CDC30CA1F02_1392810784 Label:BP_Gargoyle7 SpatiallyLoaded:1 Bounds:IsValid=true, Min=(X=-368.960 Y=5559.100 Z=1754.280), Max=(X=1216.960 Y=6445.720 Z=2439.720) RuntimeGrid:None EditorOnly:0 RuntimeOnly:0 HLODRelevant:0
 |   |   |- Guid:DB8B68524DFA291C598D81A359E36BF5 BaseClass: NativeClass:/Script/Engine.StaticMeshActor Name:StaticMeshActor_UAID_047C161CDC30022002_1383072643 Label:SM_Cube27 SpatiallyLoaded:1 Bounds:IsValid=true, Min=(X=-1963.000 Y=3401.000 Z=0.000), Max=(X=1037.000 Y=3501.000 Z=400.000) RuntimeGrid:None EditorOnly:0 RuntimeOnly:0 HLODRelevant:1 FolderPath:Playground FolderGuid:C73F09FC4215536B1DCE2A9E0A830C70
 |   |   |- Guid:DBC730174A7F51D9E14433AEF0C30A39 BaseClass: NativeClass:/Script/Engine.StaticMeshActor Name:StaticMeshActor_24 Label:SM_Cube13 SpatiallyLoaded:1 Bounds:IsValid=true, Min=(X=300.000 Y=2700.000 Z=0.000), Max=(X=400.000 Y=2800.000 Z=200.000) RuntimeGrid:None EditorOnly:0 RuntimeOnly:0 HLODRelevant:1 FolderPath:Block03 FolderGuid:7B7009C345D3D6DD94D3429E1D79C034
 |   |   |- Guid:E4575C3245B88B17B9EC2083E95CAC10 BaseClass:/Game/WorkingCharacter/Goon.Goon_C NativeClass:/Script/Engine.Character Name:Goon_C_UAID_047C161CDC30E7F401_2108574484 Label:Goon10 SpatiallyLoaded:1 Bounds:IsValid=true, Min=(X=331.694 Y=238.083 Z=-2.492), Max=(X=420.994 Y=322.292 Z=209.000) RuntimeGrid:None EditorOnly:0 RuntimeOnly:0 HLODRelevant:0
 |   |   |- Guid:E4E69DC44C682BE1495985910C14C08B BaseClass:/Game/WorkingCharacter/Goon.Goon_C NativeClass:/Script/Engine.Character Name:Goon_C_UAID_047C161CDC30ECF401_1730407368 Label:Goon12 SpatiallyLoaded:1 Bounds:IsValid=true, Min=(X=343.694 Y=4410.083 Z=-2.492), Max=(X=432.994 Y=4494.292 Z=209.000) RuntimeGrid:None EditorOnly:0 RuntimeOnly:0 HLODRelevant:0
 |   |   |- Guid:E73E39994140315EB81324BF0A5D6400 BaseClass: NativeClass:/Script/Engine.StaticMeshActor Name:StaticMeshActor_10 Label:SM_ChamferCube2 SpatiallyLoaded:1 Bounds:IsValid=true, Min=(X=992.077 Y=2692.077 Z=0.013), Max=(X=1107.923 Y=2807.923 Z=100.013) RuntimeGrid:None EditorOnly:0 RuntimeOnly:0 HLODRelevant:0
 |   |   |- Guid:E864EE5542C27D6674BEBB9312F02BB4 BaseClass: NativeClass:/Script/Engine.StaticMeshActor Name:StaticMeshActor_23 Label:SM_QuarterCylinder5 SpatiallyLoaded:1 Bounds:IsValid=true, Min=(X=300.000 Y=2800.000 Z=0.000), Max=(X=400.000 Y=2900.000 Z=200.000) RuntimeGrid:None EditorOnly:0 RuntimeOnly:0 HLODRelevant:1 FolderPath:Block03 FolderGuid:7B7009C345D3D6DD94D3429E1D79C034
 |   |   |- Guid:EAE05DD3470ECA0C1617D99287DD84A2 BaseClass:/Game/WorkingCharacter/Goon.Goon_C NativeClass:/Script/Engine.Character Name:Goon_C_UAID_047C161CDC30E7F401_2110892485 Label:Goon11 SpatiallyLoaded:1 Bounds:IsValid=true, Min=(X=360.694 Y=-555.917 Z=-2.492), Max=(X=449.994 Y=-471.708 Z=209.000) RuntimeGrid:None EditorOnly:0 RuntimeOnly:0 HLODRelevant:0
 |   |   |- Guid:EC4E0C944CE6AC6E784BC6BB2916EA13 BaseClass: NativeClass:/Script/Engine.StaticMeshActor Name:StaticMeshActor_UAID_A4AE111137DC5EFB00_1110535423 Label:SM_SkySphere SpatiallyLoaded:0 Bounds:IsValid=true, Min=(X=-1638400.000 Y=-1638400.000 Z=-1638400.000), Max=(X=1638400.000 Y=1638400.000 Z=1638400.000) RuntimeGrid:None EditorOnly:0 RuntimeOnly:0 HLODRelevant:1 FolderPath:Lighting FolderGuid:963EC3EB4002CCE9759E2EBA541A873A
 |   |   |- Guid:EDAA34A64E50B17535C2EB826C12557D BaseClass: NativeClass:/Script/Engine.StaticMeshActor Name:StaticMeshActor_9 Label:SM_Ramp2 SpatiallyLoaded:1 Bounds:IsValid=true, Min=(X=1400.000 Y=1500.000 Z=0.000), Max=(X=1800.000 Y=1700.000 Z=100.000) RuntimeGrid:None EditorOnly:0 RuntimeOnly:0 HLODRelevant:1 FolderPath:Block01 FolderGuid:7D23E5AE4C2A421F86AF6986D87E6D05
 |   |   |- Guid:F1924B8D48954B30891B2DB6A694F9CC BaseClass: NativeClass:/Script/Engine.StaticMeshActor Name:StaticMeshActor_1 Label:SM_Cube SpatiallyLoaded:1 Bounds:IsValid=true, Min=(X=-1656.000 Y=-1204.000 Z=-50.000), Max=(X=2684.000 Y=6586.000 Z=0.000) RuntimeGrid:None EditorOnly:0 RuntimeOnly:0 HLODRelevant:1 FolderPath:Playground FolderGuid:C73F09FC4215536B1DCE2A9E0A830C70
 |   |   |- Guid:F4AAA1CA4D204EB96E54F5BD1EB46A62 BaseClass: NativeClass:/Script/Engine.StaticMeshActor Name:StaticMeshActor_7 Label:SM_Cube7 SpatiallyLoaded:1 Bounds:IsValid=true, Min=(X=1300.000 Y=2200.000 Z=0.000), Max=(X=1500.000 Y=2300.000 Z=200.000) RuntimeGrid:None EditorOnly:0 RuntimeOnly:0 HLODRelevant:1 FolderPath:Block01 FolderGuid:7D23E5AE4C2A421F86AF6986D87E6D05
 |   |   |- Guid:F5E3FEB3450C49844FD93DA8E083C8AD BaseClass: NativeClass:/Script/Engine.PostProcessVolume Name:PostProcessVolume_0 Label:PostProcessVolume SpatiallyLoaded:0 Bounds:IsValid=true, Min=(X=0.000 Y=0.000 Z=400.000), Max=(X=200.000 Y=200.000 Z=600.000) RuntimeGrid:None EditorOnly:0 RuntimeOnly:0 HLODRelevant:0 FolderPath:Lighting FolderGuid:963EC3EB4002CCE9759E2EBA541A873A
 |   |   |- Guid:F703AD214DE20FBE9DA411817BF79E0A BaseClass: NativeClass:/Script/Engine.StaticMeshActor Name:StaticMeshActor_21 Label:SM_QuarterCylinder3 SpatiallyLoaded:1 Bounds:IsValid=true, Min=(X=1500.000 Y=2200.000 Z=0.000), Max=(X=1600.000 Y=2300.000 Z=200.000) RuntimeGrid:None EditorOnly:0 RuntimeOnly:0 HLODRelevant:1 FolderPath:Block01 FolderGuid:7D23E5AE4C2A421F86AF6986D87E6D05
 |   |   |- Guid:FC07DB89453A65462EDF308DF35423EF BaseClass: NativeClass:/Script/Engine.StaticMeshActor Name:StaticMeshActor_UAID_047C161CDC30341E02_1198859329 Label:SM_Cube20 SpatiallyLoaded:1 Bounds:IsValid=true, Min=(X=944.000 Y=1825.000 Z=1709.000), Max=(X=1294.000 Y=2045.000 Z=1909.000) RuntimeGrid:None EditorOnly:0 RuntimeOnly:0 HLODRelevant:1 FolderPath:Block02 FolderGuid:EBA23F8248252949750E43911A3A1CDD
 |   |   |- Guid:FF698C67459ADB4982D7759C0905EE9F BaseClass: NativeClass:/Script/Engine.StaticMeshActor Name:StaticMeshActor_6 Label:SM_Cube3 SpatiallyLoaded:1 Bounds:IsValid=true, Min=(X=0.000 Y=3400.000 Z=0.000), Max=(X=3000.000 Y=3500.000 Z=400.000) RuntimeGrid:None EditorOnly:0 RuntimeOnly:0 HLODRelevant:1 FolderPath:Playground FolderGuid:C73F09FC4215536B1DCE2A9E0A830C70
 |   |- [+] Clusters:
 |   |   |- [+] [  0]
 |   |   |   |- Guid:6BAF4DDD444C60371492D3919DB42C97 BaseClass: NativeClass:/Script/Engine.WorldDataLayers Name:WorldDataLayers Label:WorldDataLayers SpatiallyLoaded:0 Bounds:IsValid=true, Min=(X=0.000 Y=0.000 Z=0.000), Max=(X=0.000 Y=0.000 Z=0.000) RuntimeGrid:None EditorOnly:0 RuntimeOnly:0 HLODRelevant:0
 |   |   |- [+] [  1]
 |   |   |   |- Guid:59CE89D047C75FBE41189BA8ABD2CA2A BaseClass: NativeClass:/Script/Engine.StaticMeshActor Name:StaticMeshActor_18 Label:SM_QuarterCylinder SpatiallyLoaded:1 Bounds:IsValid=true, Min=(X=2500.000 Y=2800.000 Z=0.000), Max=(X=2600.000 Y=2900.000 Z=200.000) RuntimeGrid:None EditorOnly:0 RuntimeOnly:0 HLODRelevant:1 FolderPath:Block02 FolderGuid:EBA23F8248252949750E43911A3A1CDD
 |   |   |- [+] [  2]
 |   |   |   |- Guid:30F45F114742DCACC23E3888811FD024 BaseClass: NativeClass:/Script/Engine.StaticMeshActor Name:StaticMeshActor_UAID_047C161CDC30022002_1376473642 Label:SM_Cube26 SpatiallyLoaded:1 Bounds:IsValid=true, Min=(X=-1671.000 Y=-1616.000 Z=0.000), Max=(X=-1571.000 Y=1684.000 Z=400.000) RuntimeGrid:None EditorOnly:0 RuntimeOnly:0 HLODRelevant:1 FolderPath:Playground FolderGuid:C73F09FC4215536B1DCE2A9E0A830C70
 |   |   |- [+] [  3]
 |   |   |   |- Guid:D861D7A94DAC30ED191F558140C800DC BaseClass:/Game/NoahsFolder/BP_Gargoyle.BP_Gargoyle_C NativeClass:/Script/Engine.Actor Name:BP_Gargoyle_C_UAID_047C161CDC30CA1F02_1392810784 Label:BP_Gargoyle7 SpatiallyLoaded:1 Bounds:IsValid=true, Min=(X=-368.960 Y=5559.100 Z=1754.280), Max=(X=1216.960 Y=6445.720 Z=2439.720) RuntimeGrid:None EditorOnly:0 RuntimeOnly:0 HLODRelevant:0
 |   |   |- [+] [  4]
 |   |   |   |- Guid:AFDC9A3F4E0CF9D684BF6086D893E2C7 BaseClass: NativeClass:/Script/Engine.StaticMeshActor Name:StaticMeshActor_UAID_047C161CDC30022002_1376471641 Label:SM_Cube25 SpatiallyLoaded:1 Bounds:IsValid=true, Min=(X=-1672.000 Y=101.000 Z=0.000), Max=(X=-1572.000 Y=3401.000 Z=400.000) RuntimeGrid:None EditorOnly:0 RuntimeOnly:0 HLODRelevant:1 FolderPath:Playground FolderGuid:C73F09FC4215536B1DCE2A9E0A830C70
 |   |   |- [+] [  5]
 |   |   |   |- Guid:20F2BDF740F08CDC5FE5F480F52B563D BaseClass: NativeClass:/Script/Engine.StaticMeshActor Name:StaticMeshActor_UAID_047C161CDC30CA1F02_1392807783 Label:SM_Cube23 SpatiallyLoaded:1 Bounds:IsValid=true, Min=(X=300.000 Y=5977.000 Z=1709.000), Max=(X=520.000 Y=6327.000 Z=1909.000) RuntimeGrid:None EditorOnly:0 RuntimeOnly:0 HLODRelevant:1 FolderPath:Block02 FolderGuid:EBA23F8248252949750E43911A3A1CDD
 |   |   |- [+] [  6]
 |   |   |   |- Guid:253AE5FF40D25A0ADEA6F393D4F3902F BaseClass: NativeClass:/Script/Engine.StaticMeshActor Name:StaticMeshActor_UAID_047C161CDC3006F401_1935285880 Label:SM_Cube16 SpatiallyLoaded:1 Bounds:IsValid=true, Min=(X=-16.000 Y=2164.000 Z=0.000), Max=(X=584.000 Y=2664.000 Z=660.000) RuntimeGrid:None EditorOnly:0 RuntimeOnly:0 HLODRelevant:1 FolderPath:Block01 FolderGuid:7D23E5AE4C2A421F86AF6986D87E6D05
 |   |   |- [+] [  7]
 |   |   |   |- Guid:F5E3FEB3450C49844FD93DA8E083C8AD BaseClass: NativeClass:/Script/Engine.PostProcessVolume Name:PostProcessVolume_0 Label:PostProcessVolume SpatiallyLoaded:0 Bounds:IsValid=true, Min=(X=0.000 Y=0.000 Z=400.000), Max=(X=200.000 Y=200.000 Z=600.000) RuntimeGrid:None EditorOnly:0 RuntimeOnly:0 HLODRelevant:0 FolderPath:Lighting FolderGuid:963EC3EB4002CCE9759E2EBA541A873A
 |   |   |- [+] [  8]
 |   |   |   |- Guid:15D26D994B35EADD5A1210A119061DB5 BaseClass:/Game/WorkingCharacter/Goon.Goon_C NativeClass:/Script/Engine.Character Name:Goon_C_UAID_047C161CDC30E7F401_2088509480 Label:Goon6 SpatiallyLoaded:1 Bounds:IsValid=true, Min=(X=1693.694 Y=-74.917 Z=-2.492), Max=(X=1782.994 Y=9.292 Z=209.000) RuntimeGrid:None EditorOnly:0 RuntimeOnly:0 HLODRelevant:0
 |   |   |- [+] [  9]
 |   |   |   |- Guid:E73E39994140315EB81324BF0A5D6400 BaseClass: NativeClass:/Script/Engine.StaticMeshActor Name:StaticMeshActor_10 Label:SM_ChamferCube2 SpatiallyLoaded:1 Bounds:IsValid=true, Min=(X=992.077 Y=2692.077 Z=0.013), Max=(X=1107.923 Y=2807.923 Z=100.013) RuntimeGrid:None EditorOnly:0 RuntimeOnly:0 HLODRelevant:0
 |   |   |- [+] [ 10]
 |   |   |   |- Guid:0A98968D455023ABD632EF8529EBF663 BaseClass:/Game/NoahsFolder/BP_Gargoyle.BP_Gargoyle_C NativeClass:/Script/Engine.Actor Name:BP_Gargoyle_C_UAID_047C161CDC30811E02_1094059882 Label:BP_Gargoyle4 SpatiallyLoaded:1 Bounds:IsValid=true, Min=(X=-387.960 Y=2229.280 Z=1710.280), Max=(X=1197.960 Y=3115.900 Z=2395.720) RuntimeGrid:None EditorOnly:0 RuntimeOnly:0 HLODRelevant:0
 |   |   |- [+] [ 11]
 |   |   |   |- Guid:7D8C5621449B092DAD67F29A61D8679D BaseClass: NativeClass:/Script/Engine.StaticMeshActor Name:StaticMeshActor_UAID_047C161CDC30341E02_1168176327 Label:SM_Cube18 SpatiallyLoaded:1 Bounds:IsValid=true, Min=(X=1386.000 Y=2195.000 Z=1709.000), Max=(X=1606.000 Y=2545.000 Z=1909.000) RuntimeGrid:None EditorOnly:0 RuntimeOnly:0 HLODRelevant:1 FolderPath:Block02 FolderGuid:EBA23F8248252949750E43911A3A1CDD
 |   |   |- [+] [ 12]
 |   |   |   |- Guid:5B97F4A64FB21F77EFC44386BF705B4C BaseClass: NativeClass:/Script/Engine.TextRenderActor Name:TextRenderActor_1 Label:TextRenderActor SpatiallyLoaded:1 Bounds:IsValid=true, Min=(X=-0.100 Y=1100.000 Z=65.013), Max=(X=-0.100 Y=2392.308 Z=215.013) RuntimeGrid:None EditorOnly:0 RuntimeOnly:0 HLODRelevant:0
 |   |   |- [+] [ 13]
 |   |   |   |- Guid:DB8B68524DFA291C598D81A359E36BF5 BaseClass: NativeClass:/Script/Engine.StaticMeshActor Name:StaticMeshActor_UAID_047C161CDC30022002_1383072643 Label:SM_Cube27 SpatiallyLoaded:1 Bounds:IsValid=true, Min=(X=-1963.000 Y=3401.000 Z=0.000), Max=(X=1037.000 Y=3501.000 Z=400.000) RuntimeGrid:None EditorOnly:0 RuntimeOnly:0 HLODRelevant:1 FolderPath:Playground FolderGuid:C73F09FC4215536B1DCE2A9E0A830C70
 |   |   |- [+] [ 14]
 |   |   |   |- Guid:2FAAE5B34694323AD6B8C49A29A8EAD7 BaseClass:/Game/NoahsFolder/GrappleHook/BP_GrappleHookTarget.BP_GrappleHookTarget_C NativeClass:/Script/Engine.Actor Name:BP_GrappleHookTarget_C_UAID_047C161CDC3011F401_1973688820 Label:BP_GrappleHookTarget3 SpatiallyLoaded:1 Bounds:IsValid=true, Min=(X=500.000 Y=2122.000 Z=619.000), Max=(X=628.000 Y=2250.000 Z=747.000) RuntimeGrid:None EditorOnly:0 RuntimeOnly:0 HLODRelevant:0
 |   |   |- [+] [ 15]
 |   |   |   |- Guid:BB4D182F41A293F749465B9E69B3FFEE BaseClass:/Game/WorkingCharacter/Goon.Goon_C NativeClass:/Script/Engine.Character Name:Goon_C_UAID_047C161CDC30E7F401_2092436482 Label:Goon8 SpatiallyLoaded:1 Bounds:IsValid=true, Min=(X=1695.694 Y=1294.083 Z=-2.492), Max=(X=1784.994 Y=1378.292 Z=209.000) RuntimeGrid:None EditorOnly:0 RuntimeOnly:0 HLODRelevant:0
 |   |   |- [+] [ 16]
 |   |   |   |- Guid:4D3BE93F4146AAAC8BBE79999D96D57F BaseClass: NativeClass:/Script/Engine.VolumetricCloud Name:VolumetricCloud_0 Label:VolumetricCloud SpatiallyLoaded:0 Bounds:IsValid=true, Min=(X=0.000 Y=0.000 Z=820.000), Max=(X=0.000 Y=0.000 Z=820.000) RuntimeGrid:None EditorOnly:0 RuntimeOnly:0 HLODRelevant:0 FolderPath:Lighting FolderGuid:963EC3EB4002CCE9759E2EBA541A873A
 |   |   |- [+] [ 17]
 |   |   |   |- Guid:DBC730174A7F51D9E14433AEF0C30A39 BaseClass: NativeClass:/Script/Engine.StaticMeshActor Name:StaticMeshActor_24 Label:SM_Cube13 SpatiallyLoaded:1 Bounds:IsValid=true, Min=(X=300.000 Y=2700.000 Z=0.000), Max=(X=400.000 Y=2800.000 Z=200.000) RuntimeGrid:None EditorOnly:0 RuntimeOnly:0 HLODRelevant:1 FolderPath:Block03 FolderGuid:7B7009C345D3D6DD94D3429E1D79C034
 |   |   |- [+] [ 18]
 |   |   |   |- Guid:AD61F0254BCEAF9E9FEA8A8757BA348E BaseClass: NativeClass:/Script/Engine.StaticMeshActor Name:StaticMeshActor_UAID_047C161CDC30811E02_1086660879 Label:SM_Cube21 SpatiallyLoaded:1 Bounds:IsValid=true, Min=(X=299.000 Y=3662.000 Z=1709.000), Max=(X=519.000 Y=4012.000 Z=1909.000) RuntimeGrid:None EditorOnly:0 RuntimeOnly:0 HLODRelevant:1 FolderPath:Block02 FolderGuid:EBA23F8248252949750E43911A3A1CDD
 |   |   |- [+] [ 19]
 |   |   |   |- Guid:AB74120142217676C6EC818E6B49412B BaseClass: NativeClass:/Script/Engine.StaticMeshActor Name:StaticMeshActor_15 Label:SM_Cube10 SpatiallyLoaded:1 Bounds:IsValid=true, Min=(X=1800.000 Y=2100.000 Z=100.000), Max=(X=2000.000 Y=2200.000 Z=200.000) RuntimeGrid:None EditorOnly:0 RuntimeOnly:0 HLODRelevant:1 FolderPath:Block01 FolderGuid:7D23E5AE4C2A421F86AF6986D87E6D05
 |   |   |- [+] [ 20]
 |   |   |   |- Guid:EAE05DD3470ECA0C1617D99287DD84A2 BaseClass:/Game/WorkingCharacter/Goon.Goon_C NativeClass:/Script/Engine.Character Name:Goon_C_UAID_047C161CDC30E7F401_2110892485 Label:Goon11 SpatiallyLoaded:1 Bounds:IsValid=true, Min=(X=360.694 Y=-555.917 Z=-2.492), Max=(X=449.994 Y=-471.708 Z=209.000) RuntimeGrid:None EditorOnly:0 RuntimeOnly:0 HLODRelevant:0
 |   |   |- [+] [ 21]
 |   |   |   |- Guid:CCFF262C46EEFFDF319E7F9539CE697E BaseClass: NativeClass:/Script/Engine.SkyAtmosphere Name:SkyAtmosphere_0 Label:SkyAtmosphere SpatiallyLoaded:0 Bounds:IsValid=true, Min=(X=0.000 Y=0.000 Z=1020.000), Max=(X=0.000 Y=0.000 Z=1020.000) RuntimeGrid:None EditorOnly:0 RuntimeOnly:0 HLODRelevant:0 FolderPath:Lighting FolderGuid:963EC3EB4002CCE9759E2EBA541A873A
 |   |   |- [+] [ 22]
 |   |   |   |- Guid:A801F8E447BD17645BB3E4A9264C61A0 BaseClass:/Game/NoahsFolder/BP_Gargoyle.BP_Gargoyle_C NativeClass:/Script/Engine.Actor Name:BP_Gargoyle_C_UAID_047C161CDC30811E02_1086664880 Label:BP_Gargoyle3 SpatiallyLoaded:1 Bounds:IsValid=true, Min=(X=-369.960 Y=3244.100 Z=1701.280), Max=(X=1215.960 Y=4130.720 Z=2386.720) RuntimeGrid:None EditorOnly:0 RuntimeOnly:0 HLODRelevant:0
 |   |   |- [+] [ 23]
 |   |   |   |- Guid:428AA21F46354B2311A99D9121F4FFC0 BaseClass:/Game/WorkingCharacter/Goon.Goon_C NativeClass:/Script/Engine.Character Name:Goon_C_UAID_047C161CDC306AF401_1399385482 Label:Goon4 SpatiallyLoaded:1 Bounds:IsValid=true, Min=(X=1069.694 Y=1180.083 Z=-2.492), Max=(X=1158.994 Y=1264.292 Z=209.000) RuntimeGrid:None EditorOnly:0 RuntimeOnly:0 HLODRelevant:0
 |   |   |- [+] [ 24]
 |   |   |   |- Guid:EC4E0C944CE6AC6E784BC6BB2916EA13 BaseClass: NativeClass:/Script/Engine.StaticMeshActor Name:StaticMeshActor_UAID_A4AE111137DC5EFB00_1110535423 Label:SM_SkySphere SpatiallyLoaded:0 Bounds:IsValid=true, Min=(X=-1638400.000 Y=-1638400.000 Z=-1638400.000), Max=(X=1638400.000 Y=1638400.000 Z=1638400.000) RuntimeGrid:None EditorOnly:0 RuntimeOnly:0 HLODRelevant:1 FolderPath:Lighting FolderGuid:963EC3EB4002CCE9759E2EBA541A873A
 |   |   |- [+] [ 25]
 |   |   |   |- Guid:C15C2C8D4EA4ADE0BD1349AFD814988B BaseClass: NativeClass:/Script/Engine.StaticMeshActor Name:StaticMeshActor_14 Label:SM_Ramp3 SpatiallyLoaded:1 Bounds:IsValid=true, Min=(X=1800.000 Y=1700.000 Z=100.000), Max=(X=2000.000 Y=2100.000 Z=200.000) RuntimeGrid:None EditorOnly:0 RuntimeOnly:0 HLODRelevant:1 FolderPath:Block01 FolderGuid:7D23E5AE4C2A421F86AF6986D87E6D05
 |   |   |- [+] [ 26]
 |   |   |   |- Guid:9BFF363746062F457E2F92A4631DBA20 BaseClass: NativeClass:/Script/Engine.StaticMeshActor Name:StaticMeshActor_11 Label:SM_ChamferCube3 SpatiallyLoaded:1 Bounds:IsValid=true, Min=(X=1101.699 Y=2271.699 Z=0.013), Max=(X=1238.301 Y=2408.301 Z=100.013) RuntimeGrid:None EditorOnly:0 RuntimeOnly:0 HLODRelevant:0
 |   |   |- [+] [ 27]
 |   |   |   |- Guid:43815E84492231AFC407F59E3C28176B BaseClass: NativeClass:/Script/Engine.StaticMeshActor Name:StaticMeshActor_4 Label:SM_Cube6 SpatiallyLoaded:1 Bounds:IsValid=true, Min=(X=2640.000 Y=100.000 Z=0.000), Max=(X=2740.000 Y=3400.000 Z=400.000) RuntimeGrid:None EditorOnly:0 RuntimeOnly:0 HLODRelevant:1 FolderPath:Playground FolderGuid:C73F09FC4215536B1DCE2A9E0A830C70
 |   |   |- [+] [ 28]
 |   |   |   |- Guid:336AD8314F2A24CE8396218351077B83 BaseClass:/Game/NoahsFolder/GrappleHook/BP_GrappleHookTarget.BP_GrappleHookTarget_C NativeClass:/Script/Engine.Actor Name:BP_GrappleHookTarget_C_UAID_047C161CDC3011F401_1986132821 Label:BP_GrappleHookTarget4 SpatiallyLoaded:1 Bounds:IsValid=true, Min=(X=720.000 Y=2791.000 Z=895.000), Max=(X=848.000 Y=2919.000 Z=1023.000) RuntimeGrid:None EditorOnly:0 RuntimeOnly:0 HLODRelevant:0
 |   |   |- [+] [ 29]
 |   |   |   |- Guid:7587444F4FB13B9B9CD114BBE7885340 BaseClass: NativeClass:/Script/Engine.StaticMeshActor Name:StaticMeshActor_19 Label:SM_QuarterCylinder2 SpatiallyLoaded:1 Bounds:IsValid=true, Min=(X=2500.000 Y=2600.000 Z=0.000), Max=(X=2600.000 Y=2700.000 Z=200.000) RuntimeGrid:None EditorOnly:0 RuntimeOnly:0 HLODRelevant:1 FolderPath:Block02 FolderGuid:EBA23F8248252949750E43911A3A1CDD
 |   |   |- [+] [ 30]
 |   |   |   |- Guid:B785ED2844B84CFB91E7F39FE661CD99 BaseClass: NativeClass:/Script/Engine.DirectionalLight Name:DirectionalLight_0 Label:DirectionalLight SpatiallyLoaded:0 Bounds:IsValid=true, Min=(X=-1048576.000 Y=-1048576.000 Z=-1048576.000), Max=(X=1048576.000 Y=1048576.000 Z=1048576.000) RuntimeGrid:None EditorOnly:0 RuntimeOnly:0 HLODRelevant:0 FolderPath:Lighting FolderGuid:963EC3EB4002CCE9759E2EBA541A873A
 |   |   |- [+] [ 31]
 |   |   |   |- Guid:1B9598344A1F20E1A5125DA8A7E9FC0F BaseClass: NativeClass:/Script/Engine.StaticMeshActor Name:StaticMeshActor_22 Label:SM_QuarterCylinder4 SpatiallyLoaded:1 Bounds:IsValid=true, Min=(X=300.000 Y=2600.000 Z=0.000), Max=(X=400.000 Y=2700.000 Z=200.000) RuntimeGrid:None EditorOnly:0 RuntimeOnly:0 HLODRelevant:1 FolderPath:Block03 FolderGuid:7B7009C345D3D6DD94D3429E1D79C034
 |   |   |- [+] [ 32]
 |   |   |   |- Guid:316CF2A6494ACA4C0E4180A87D36AB8F BaseClass: NativeClass:/Script/Engine.ExponentialHeightFog Name:ExponentialHeightFog_0 Label:ExponentialHeightFog SpatiallyLoaded:0 Bounds:IsValid=true, Min=(X=-5600.000 Y=-50.000 Z=-6850.000), Max=(X=-5600.000 Y=-50.000 Z=-6850.000) RuntimeGrid:None EditorOnly:0 RuntimeOnly:0 HLODRelevant:0 FolderPath:Lighting FolderGuid:963EC3EB4002CCE9759E2EBA541A873A
 |   |   |- [+] [ 33]
 |   |   |   |- Guid:79C9B0C246824948C2428ABA13657451 BaseClass: NativeClass:/Script/Engine.StaticMeshActor Name:StaticMeshActor_25 Label:SM_QuarterCylinder6 SpatiallyLoaded:1 Bounds:IsValid=true, Min=(X=1200.000 Y=2200.000 Z=0.000), Max=(X=1300.000 Y=2300.000 Z=200.000) RuntimeGrid:None EditorOnly:0 RuntimeOnly:0 HLODRelevant:1 FolderPath:Block01 FolderGuid:7D23E5AE4C2A421F86AF6986D87E6D05
 |   |   |- [+] [ 34]
 |   |   |   |- Guid:F1924B8D48954B30891B2DB6A694F9CC BaseClass: NativeClass:/Script/Engine.StaticMeshActor Name:StaticMeshActor_1 Label:SM_Cube SpatiallyLoaded:1 Bounds:IsValid=true, Min=(X=-1656.000 Y=-1204.000 Z=-50.000), Max=(X=2684.000 Y=6586.000 Z=0.000) RuntimeGrid:None EditorOnly:0 RuntimeOnly:0 HLODRelevant:1 FolderPath:Playground FolderGuid:C73F09FC4215536B1DCE2A9E0A830C70
 |   |   |- [+] [ 35]
 |   |   |   |- Guid:868B950145723A8B3A1F2192E64AE86C BaseClass:/Game/NoahsFolder/GrappleHook/BP_GrappleHookTarget.BP_GrappleHookTarget_C NativeClass:/Script/Engine.Actor Name:BP_GrappleHookTarget_C_UAID_047C161CDC30831E02_2122911235 Label:BP_GrappleHookTarget5 SpatiallyLoaded:1 Bounds:IsValid=true, Min=(X=346.000 Y=2660.000 Z=1898.000), Max=(X=474.000 Y=2788.000 Z=2026.000) RuntimeGrid:None EditorOnly:0 RuntimeOnly:0 HLODRelevant:0
 |   |   |- [+] [ 36]
 |   |   |   |- Guid:20F6A6074F8AF1C05145BABA3B40F1E6 BaseClass: NativeClass:/Script/Engine.StaticMeshActor Name:StaticMeshActor_UAID_047C161CDC30341E02_1190561328 Label:SM_Cube19 SpatiallyLoaded:1 Bounds:IsValid=true, Min=(X=1371.000 Y=3661.000 Z=1709.000), Max=(X=1591.000 Y=4011.000 Z=1909.000) RuntimeGrid:None EditorOnly:0 RuntimeOnly:0 HLODRelevant:1 FolderPath:Block02 FolderGuid:EBA23F8248252949750E43911A3A1CDD
 |   |   |- [+] [ 37]
 |   |   |   |- Guid:EDAA34A64E50B17535C2EB826C12557D BaseClass: NativeClass:/Script/Engine.StaticMeshActor Name:StaticMeshActor_9 Label:SM_Ramp2 SpatiallyLoaded:1 Bounds:IsValid=true, Min=(X=1400.000 Y=1500.000 Z=0.000), Max=(X=1800.000 Y=1700.000 Z=100.000) RuntimeGrid:None EditorOnly:0 RuntimeOnly:0 HLODRelevant:1 FolderPath:Block01 FolderGuid:7D23E5AE4C2A421F86AF6986D87E6D05
 |   |   |- [+] [ 38]
 |   |   |   |- Guid:9B862C3C4E0C35469D0FA684A76E3F97 BaseClass:/Game/NoahsFolder/GrappleHook/BP_GrappleHookTarget.BP_GrappleHookTarget_C NativeClass:/Script/Engine.Actor Name:BP_GrappleHookTarget_C_UAID_047C161CDC300CF401_1772183938 Label:BP_GrappleHookTarget SpatiallyLoaded:1 Bounds:IsValid=true, Min=(X=419.000 Y=1355.000 Z=324.000), Max=(X=547.000 Y=1483.000 Z=452.000) RuntimeGrid:None EditorOnly:0 RuntimeOnly:0 HLODRelevant:0
 |   |   |- [+] [ 39]
 |   |   |   |- Guid:CBB45721485B33EB07C13ABD971B4CCC BaseClass: NativeClass:/Script/Engine.StaticMeshActor Name:StaticMeshActor_UAID_047C161CDC3006F401_1941751881 Label:SM_Cube17 SpatiallyLoaded:1 Bounds:IsValid=true, Min=(X=483.000 Y=1393.000 Z=0.000), Max=(X=1083.000 Y=1893.000 Z=380.000) RuntimeGrid:None EditorOnly:0 RuntimeOnly:0 HLODRelevant:1 FolderPath:Block01 FolderGuid:7D23E5AE4C2A421F86AF6986D87E6D05
 |   |   |- [+] [ 40]
 |   |   |   |- Guid:E4575C3245B88B17B9EC2083E95CAC10 BaseClass:/Game/WorkingCharacter/Goon.Goon_C NativeClass:/Script/Engine.Character Name:Goon_C_UAID_047C161CDC30E7F401_2108574484 Label:Goon10 SpatiallyLoaded:1 Bounds:IsValid=true, Min=(X=331.694 Y=238.083 Z=-2.492), Max=(X=420.994 Y=322.292 Z=209.000) RuntimeGrid:None EditorOnly:0 RuntimeOnly:0 HLODRelevant:0
 |   |   |- [+] [ 41]
 |   |   |   |- Guid:A4F363AA45700424F3FD04A67B88C1B9 BaseClass: NativeClass:/Script/Engine.StaticMeshActor Name:StaticMeshActor_UAID_047C161CDC3006F401_1921470879 Label:SM_Cube15 SpatiallyLoaded:1 Bounds:IsValid=true, Min=(X=771.000 Y=2836.000 Z=0.000), Max=(X=1371.000 Y=3336.000 Z=920.000) RuntimeGrid:None EditorOnly:0 RuntimeOnly:0 HLODRelevant:1 FolderPath:Block01 FolderGuid:7D23E5AE4C2A421F86AF6986D87E6D05
 |   |   |- [+] [ 42]
 |   |   |   |- Guid:2FB58999456391D349DC0F86DAC136ED BaseClass: NativeClass:/Script/Engine.SkyLight Name:SkyLight_1 Label:SkyLight SpatiallyLoaded:0 Bounds:IsValid=true, Min=(X=0.000 Y=0.000 Z=690.000), Max=(X=0.000 Y=0.000 Z=690.000) RuntimeGrid:None EditorOnly:0 RuntimeOnly:0 HLODRelevant:0 FolderPath:Lighting FolderGuid:963EC3EB4002CCE9759E2EBA541A873A
 |   |   |- [+] [ 43]
 |   |   |   |- Guid:5110FDEA48773FDE9125B7B55512181A BaseClass:/Game/NoahsFolder/GrappleHook/BP_GrappleHookTarget.BP_GrappleHookTarget_C NativeClass:/Script/Engine.Actor Name:BP_GrappleHookTarget_C_UAID_047C161CDC30F1F401_1551490239 Label:BP_GrappleHookTarget6 SpatiallyLoaded:1 Bounds:IsValid=true, Min=(X=991.000 Y=1359.000 Z=324.000), Max=(X=1119.000 Y=1487.000 Z=452.000) RuntimeGrid:None EditorOnly:0 RuntimeOnly:0 HLODRelevant:0
 |   |   |- [+] [ 44]
 |   |   |   |- Guid:934C601F4484718055CC85ACEDDB8C01 BaseClass: NativeClass:/Script/NavigationSystem.RecastNavMesh Name:RecastNavMesh_UAID_047C161CDC307B1C02-Default Label:RecastNavMesh-Default SpatiallyLoaded:0 Bounds:IsValid=true, Min=(X=0.000 Y=0.000 Z=0.000), Max=(X=0.000 Y=0.000 Z=0.000) RuntimeGrid:None EditorOnly:0 RuntimeOnly:0 HLODRelevant:0
 |   |   |- [+] [ 45]
 |   |   |   |- Guid:9765ECF54858C165188C95B28D88016B BaseClass: NativeClass:/Script/Engine.StaticMeshActor Name:StaticMeshActor_12 Label:SM_Cube8 SpatiallyLoaded:1 Bounds:IsValid=true, Min=(X=1300.000 Y=2600.000 Z=0.000), Max=(X=2500.000 Y=2900.000 Z=200.000) RuntimeGrid:None EditorOnly:0 RuntimeOnly:0 HLODRelevant:1 FolderPath:Block02 FolderGuid:EBA23F8248252949750E43911A3A1CDD
 |   |   |- [+] [ 46]
 |   |   |   |- Guid:961864A84FF6F65B68F2A3BE5819D538 BaseClass: NativeClass:/Script/Engine.StaticMeshActor Name:StaticMeshActor_8 Label:SM_Cube4 SpatiallyLoaded:1 Bounds:IsValid=true, Min=(X=1200.000 Y=1700.000 Z=0.000), Max=(X=1800.000 Y=2200.000 Z=3075.000) RuntimeGrid:None EditorOnly:0 RuntimeOnly:0 HLODRelevant:1 FolderPath:Block01 FolderGuid:7D23E5AE4C2A421F86AF6986D87E6D05
 |   |   |- [+] [ 47]
 |   |   |   |- Guid:E864EE5542C27D6674BEBB9312F02BB4 BaseClass: NativeClass:/Script/Engine.StaticMeshActor Name:StaticMeshActor_23 Label:SM_QuarterCylinder5 SpatiallyLoaded:1 Bounds:IsValid=true, Min=(X=300.000 Y=2800.000 Z=0.000), Max=(X=400.000 Y=2900.000 Z=200.000) RuntimeGrid:None EditorOnly:0 RuntimeOnly:0 HLODRelevant:1 FolderPath:Block03 FolderGuid:7B7009C345D3D6DD94D3429E1D79C034
 |   |   |- [+] [ 48]
 |   |   |   |- Guid:29AAF7734702AF43F2703490B9BF3C2F BaseClass: NativeClass:/Script/Engine.StaticMeshActor Name:StaticMeshActor_UAID_047C161CDC30811E02_1094057881 Label:SM_Cube22 SpatiallyLoaded:1 Bounds:IsValid=true, Min=(X=300.000 Y=2364.000 Z=1709.000), Max=(X=520.000 Y=2714.000 Z=1909.000) RuntimeGrid:None EditorOnly:0 RuntimeOnly:0 HLODRelevant:1 FolderPath:Block02 FolderGuid:EBA23F8248252949750E43911A3A1CDD
 |   |   |- [+] [ 49]
 |   |   |   |- Guid:27ADD52B4F8175CB8F904E8D9FBB49D6 BaseClass:/Game/WorkingCharacter/Goon.Goon_C NativeClass:/Script/Engine.Character Name:Goon_C_UAID_047C161CDC306AF401_1398605481 Label:Goon3 SpatiallyLoaded:1 Bounds:IsValid=true, Min=(X=1068.694 Y=24.083 Z=-2.492), Max=(X=1157.994 Y=108.292 Z=209.000) RuntimeGrid:None EditorOnly:0 RuntimeOnly:0 HLODRelevant:0
 |   |   |- [+] [ 50]
 |   |   |   |- Guid:977006D9482E6C7F3CFD67AC049425DD BaseClass: NativeClass:/Script/Engine.StaticMeshActor Name:StaticMeshActor_UAID_047C161CDC30022002_1370231640 Label:SM_Cube24 SpatiallyLoaded:1 Bounds:IsValid=true, Min=(X=2641.000 Y=-1617.000 Z=0.000), Max=(X=2741.000 Y=1683.000 Z=400.000) RuntimeGrid:None EditorOnly:0 RuntimeOnly:0 HLODRelevant:1 FolderPath:Playground FolderGuid:C73F09FC4215536B1DCE2A9E0A830C70
 |   |   |- [+] [ 51]
 |   |   |   |- Guid:08F9DC56444CFFF3F13B379E81EF05BC BaseClass: NativeClass:/Script/Engine.StaticMeshActor Name:StaticMeshActor_16 Label:SM_Cube11 SpatiallyLoaded:1 Bounds:IsValid=true, Min=(X=400.000 Y=2600.000 Z=0.000), Max=(X=700.000 Y=2900.000 Z=200.000) RuntimeGrid:None EditorOnly:0 RuntimeOnly:0 HLODRelevant:1 FolderPath:Block03 FolderGuid:7B7009C345D3D6DD94D3429E1D79C034
 |   |   |- [+] [ 52]
 |   |   |   |- Guid:0A733B864C327F0B589EC8BBDD0265BC BaseClass: NativeClass:/Script/Engine.StaticMeshActor Name:StaticMeshActor_13 Label:SM_Cube9 SpatiallyLoaded:1 Bounds:IsValid=true, Min=(X=1800.000 Y=1500.000 Z=0.000), Max=(X=2000.000 Y=2200.000 Z=100.000) RuntimeGrid:None EditorOnly:0 RuntimeOnly:0 HLODRelevant:1 FolderPath:Block01 FolderGuid:7D23E5AE4C2A421F86AF6986D87E6D05
 |   |   |- [+] [ 53]
 |   |   |   |- Guid:7484AE9E4AA97AC9E7A068999B891F8D BaseClass:/Game/WorkingCharacter/Goon.Goon_C NativeClass:/Script/Engine.Character Name:Goon_C_UAID_047C161CDC30E7F401_2095655483 Label:Goon9 SpatiallyLoaded:1 Bounds:IsValid=true, Min=(X=342.694 Y=1234.083 Z=-2.492), Max=(X=431.994 Y=1318.292 Z=209.000) RuntimeGrid:None EditorOnly:0 RuntimeOnly:0 HLODRelevant:0
 |   |   |- [+] [ 54]
 |   |   |   |- Guid:F703AD214DE20FBE9DA411817BF79E0A BaseClass: NativeClass:/Script/Engine.StaticMeshActor Name:StaticMeshActor_21 Label:SM_QuarterCylinder3 SpatiallyLoaded:1 Bounds:IsValid=true, Min=(X=1500.000 Y=2200.000 Z=0.000), Max=(X=1600.000 Y=2300.000 Z=200.000) RuntimeGrid:None EditorOnly:0 RuntimeOnly:0 HLODRelevant:1 FolderPath:Block01 FolderGuid:7D23E5AE4C2A421F86AF6986D87E6D05
 |   |   |- [+] [ 55]
 |   |   |   |- Guid:A05E57634DEA35046B569FBEF0068A73 BaseClass:/Game/WorkingCharacter/Goon.Goon_C NativeClass:/Script/Engine.Character Name:Goon_C_UAID_047C161CDC30E7F401_2085251479 Label:Goon5 SpatiallyLoaded:1 Bounds:IsValid=true, Min=(X=1692.694 Y=-896.917 Z=-2.492), Max=(X=1781.994 Y=-812.708 Z=209.000) RuntimeGrid:None EditorOnly:0 RuntimeOnly:0 HLODRelevant:0
 |   |   |- [+] [ 56]
 |   |   |   |- Guid:7E6B66E44490A55D8CE306B09108D646 BaseClass:/Game/NoahsFolder/BP_Gargoyle.BP_Gargoyle_C NativeClass:/Script/Engine.Actor Name:BP_Gargoyle_C_UAID_047C161CDC30BF1E02_1666471792 Label:BP_Gargoyle6 SpatiallyLoaded:1 Bounds:IsValid=true, Min=(X=505.280 Y=2110.040 Z=748.280), Max=(X=1391.900 Y=3695.960 Z=1433.720) RuntimeGrid:None EditorOnly:0 RuntimeOnly:0 HLODRelevant:0
 |   |   |- [+] [ 57]
 |   |   |   |- Guid:B80E2BBE4D0151AAAA5A7FB60B6A4CC8 BaseClass: NativeClass:/Script/Engine.StaticMeshActor Name:StaticMeshActor_UAID_047C161CDC30022002_1363000639 Label:SM_Cube5 SpatiallyLoaded:1 Bounds:IsValid=true, Min=(X=-2347.000 Y=-1171.000 Z=0.000), Max=(X=653.000 Y=-1071.000 Z=400.000) RuntimeGrid:None EditorOnly:0 RuntimeOnly:0 HLODRelevant:1 FolderPath:Playground FolderGuid:C73F09FC4215536B1DCE2A9E0A830C70
 |   |   |- [+] [ 58]
 |   |   |   |- Guid:38AF47D049D9D059D3D3438EFBAFE958 BaseClass:/Game/NoahsFolder/BP_Gargoyle.BP_Gargoyle_C NativeClass:/Script/Engine.Actor Name:BP_Gargoyle_C_UAID_047C161CDC30BF1E02_1657484791 Label:BP_Gargoyle5 SpatiallyLoaded:1 Bounds:IsValid=true, Min=(X=190.280 Y=1447.040 Z=471.280), Max=(X=1076.900 Y=3032.960 Z=1156.720) RuntimeGrid:None EditorOnly:0 RuntimeOnly:0 HLODRelevant:0
 |   |   |- [+] [ 59]
 |   |   |   |- Guid:9EEA88A44E294029A31EA9A59FFEAE9B BaseClass:/Game/NoahsFolder/BP_Gargoyle.BP_Gargoyle_C NativeClass:/Script/Engine.Actor Name:BP_Gargoyle_C_UAID_047C161CDC30691E02_2086740656 Label:BP_Gargoyle2 SpatiallyLoaded:1 Bounds:IsValid=true, Min=(X=683.040 Y=3210.100 Z=1701.280), Max=(X=2268.960 Y=4096.720 Z=2386.720) RuntimeGrid:None EditorOnly:0 RuntimeOnly:0 HLODRelevant:0
 |   |   |- [+] [ 60]
 |   |   |   |- Guid:BC08B79C4EA3C961CFF75EBBE83B367D BaseClass: NativeClass:/Script/Engine.StaticMeshActor Name:StaticMeshActor_5 Label:SM_Cube2 SpatiallyLoaded:1 Bounds:IsValid=true, Min=(X=0.000 Y=-1172.000 Z=0.000), Max=(X=3000.000 Y=-1072.000 Z=400.000) RuntimeGrid:None EditorOnly:0 RuntimeOnly:0 HLODRelevant:1 FolderPath:Playground FolderGuid:C73F09FC4215536B1DCE2A9E0A830C70
 |   |   |- [+] [ 61]
 |   |   |   |- Guid:E4E69DC44C682BE1495985910C14C08B BaseClass:/Game/WorkingCharacter/Goon.Goon_C NativeClass:/Script/Engine.Character Name:Goon_C_UAID_047C161CDC30ECF401_1730407368 Label:Goon12 SpatiallyLoaded:1 Bounds:IsValid=true, Min=(X=343.694 Y=4410.083 Z=-2.492), Max=(X=432.994 Y=4494.292 Z=209.000) RuntimeGrid:None EditorOnly:0 RuntimeOnly:0 HLODRelevant:0
 |   |   |- [+] [ 62]
 |   |   |   |- Guid:26B8C3BE41021A3F42B61FA534F9181E BaseClass: NativeClass:/Script/Engine.StaticMeshActor Name:StaticMeshActor_20 Label:SM_Cube12 SpatiallyLoaded:1 Bounds:IsValid=true, Min=(X=2500.000 Y=2700.000 Z=0.000), Max=(X=2600.000 Y=2800.000 Z=200.000) RuntimeGrid:None EditorOnly:0 RuntimeOnly:0 HLODRelevant:1 FolderPath:Block02 FolderGuid:EBA23F8248252949750E43911A3A1CDD
 |   |   |- [+] [ 63]
 |   |   |   |- Guid:FF698C67459ADB4982D7759C0905EE9F BaseClass: NativeClass:/Script/Engine.StaticMeshActor Name:StaticMeshActor_6 Label:SM_Cube3 SpatiallyLoaded:1 Bounds:IsValid=true, Min=(X=0.000 Y=3400.000 Z=0.000), Max=(X=3000.000 Y=3500.000 Z=400.000) RuntimeGrid:None EditorOnly:0 RuntimeOnly:0 HLODRelevant:1 FolderPath:Playground FolderGuid:C73F09FC4215536B1DCE2A9E0A830C70
 |   |   |- [+] [ 64]
 |   |   |   |- Guid:29A2E1074AED84B71DCFC598EC10D35C BaseClass:/Game/NoahsFolder/GrappleHook/BP_GrappleHookTarget.BP_GrappleHookTarget_C NativeClass:/Script/Engine.Actor Name:BP_GrappleHookTarget_C_UAID_047C161CDC300CF401_2062699939 Label:BP_GrappleHookTarget2 SpatiallyLoaded:1 Bounds:IsValid=true, Min=(X=420.000 Y=1834.000 Z=324.000), Max=(X=548.000 Y=1962.000 Z=452.000) RuntimeGrid:None EditorOnly:0 RuntimeOnly:0 HLODRelevant:0
 |   |   |- [+] [ 65]
 |   |   |   |- Guid:F4AAA1CA4D204EB96E54F5BD1EB46A62 BaseClass: NativeClass:/Script/Engine.StaticMeshActor Name:StaticMeshActor_7 Label:SM_Cube7 SpatiallyLoaded:1 Bounds:IsValid=true, Min=(X=1300.000 Y=2200.000 Z=0.000), Max=(X=1500.000 Y=2300.000 Z=200.000) RuntimeGrid:None EditorOnly:0 RuntimeOnly:0 HLODRelevant:1 FolderPath:Block01 FolderGuid:7D23E5AE4C2A421F86AF6986D87E6D05
 |   |   |- [+] [ 66]
 |   |   |   |- Guid:3A00AA1C422CE54C0BDB60BAF471BFBB BaseClass: NativeClass:/Script/Engine.PlayerStart Name:PlayerStart_0 Label:PlayerStart SpatiallyLoaded:0 Bounds:IsValid=true, Min=(X=1369.000 Y=1934.000 Z=3126.013), Max=(X=1449.000 Y=2014.000 Z=3310.013) RuntimeGrid:None EditorOnly:0 RuntimeOnly:0 HLODRelevant:0
 |   |   |- [+] [ 67]
 |   |   |   |- Guid:783C95604F7C419758417EBD98809449 BaseClass: NativeClass:/Script/NavigationSystem.NavMeshBoundsVolume Name:NavMeshBoundsVolume_UAID_047C161CDC307B1C02_1463676711 Label:NavMeshBoundsVolume SpatiallyLoaded:0 Bounds:IsValid=true, Min=(X=-1485.000 Y=-2568.000 Z=-26.000), Max=(X=3875.000 Y=4892.000 Z=174.000) RuntimeGrid:None EditorOnly:0 RuntimeOnly:0 HLODRelevant:0
 |   |   |- [+] [ 68]
 |   |   |   |- Guid:FC07DB89453A65462EDF308DF35423EF BaseClass: NativeClass:/Script/Engine.StaticMeshActor Name:StaticMeshActor_UAID_047C161CDC30341E02_1198859329 Label:SM_Cube20 SpatiallyLoaded:1 Bounds:IsValid=true, Min=(X=944.000 Y=1825.000 Z=1709.000), Max=(X=1294.000 Y=2045.000 Z=1909.000) RuntimeGrid:None EditorOnly:0 RuntimeOnly:0 HLODRelevant:1 FolderPath:Block02 FolderGuid:EBA23F8248252949750E43911A3A1CDD
 |   |   |- [+] [ 69]
 |   |   |   |- Guid:745A095B4BA4E157E4537FA63F5B7B43 BaseClass: NativeClass:/Script/Engine.StaticMeshActor Name:StaticMeshActor_2 Label:SM_ChamferCube SpatiallyLoaded:1 Bounds:IsValid=true, Min=(X=1100.000 Y=2000.000 Z=0.013), Max=(X=1200.000 Y=2100.000 Z=100.013) RuntimeGrid:None EditorOnly:0 RuntimeOnly:0 HLODRelevant:0
 |   |   |- [+] [ 70]
 |   |   |   |- Guid:67E660DF4749DABB0BDED2B36A3313F0 BaseClass: NativeClass:/Script/Engine.StaticMeshActor Name:StaticMeshActor_UAID_047C161CDC3001F401_1194333999 Label:SM_Cube14 SpatiallyLoaded:1 Bounds:IsValid=true, Min=(X=1210.000 Y=4050.000 Z=0.000), Max=(X=1810.000 Y=4550.000 Z=2575.000) RuntimeGrid:None EditorOnly:0 RuntimeOnly:0 HLODRelevant:1 FolderPath:Block01 FolderGuid:7D23E5AE4C2A421F86AF6986D87E6D05
 |   |   |- [+] [ 71]
 |   |   |   |- Guid:055A2F904DBBA5533C198E9EAB506A22 BaseClass:/Game/WorkingCharacter/Goon.Goon_C NativeClass:/Script/Engine.Character Name:Goon_C_UAID_047C161CDC306AF401_1397467479 Label:Goon SpatiallyLoaded:1 Bounds:IsValid=true, Min=(X=1066.694 Y=-801.917 Z=-2.492), Max=(X=1155.994 Y=-717.708 Z=209.000) RuntimeGrid:None EditorOnly:0 RuntimeOnly:0 HLODRelevant:0
 |- ContainerInstances:
 |- [+] MainContainer:
 |   |-        ID: 0x0000000000000000
 |   |-    Bounds: IsValid=false, Min=(X=0.000 Y=0.000 Z=0.000), Max=(X=0.000 Y=0.000 Z=0.000)
 |   |- Transform: 0.000000,0.000000,0.000000|0.000000,0.000000,-0.000000|1.000000,1.000000,1.000000
 |   |- Container: /Game/ThirdPerson/Maps/ThirdPersonMap
----------------------------------------------------------------------------------------------------------------
ThirdPersonMap - Persistent Level
----------------------------------------------------------------------------------------------------------------
Always loaded Actor Count: 79 

----------------------------------------------------------------------------------------------------------------
ThirdPersonMap - Runtime Spatial Hash - Streaming Grid - MainGrid
----------------------------------------------------------------------------------------------------------------
            Origin: X=0.000 Y=0.000 Z=0.000
         Cell Size: 12800
      World Bounds: IsValid=false, Min=(X=0.000 Y=0.000 Z=0.000), Max=(X=0.000 Y=0.000 Z=0.000)
     Loading Range: 25600.00
Block Slow Loading: No
 ClientOnlyVisible: No

[+] Grid Levels: 1
 |- Level  0: Cell Count    0 | Cell Size   12800 | Actor Count    0 (0.0%)

[+] Content of Grid Level 0

